<?xml version="1.0" encoding="UTF-8"?>
<!-- Generated by org.testng.reporters.JUnitXMLReporter -->
<testsuite ignored="1" hostname="himani" failures="0" tests="1" name="OpenCart Test" time="6.482" errors="0" timestamp="2023-09-16T15:44:48 CDT">
  <testcase classname="testCases.TC_002_LoginTest" name="test_Login" time="1.482"/>
  <testcase classname="testCases.TC_001_AccountRegistrationTest" name="test_account_Registration" time="0.0">
    <ignored/>
  </testcase> <!-- test_account_Registration -->
</testsuite> <!-- OpenCart Test -->
