<?xml version="1.0" encoding="UTF-8"?>
<testng-results ignored="0" total="1" passed="1" failed="0" skipped="0">
  <reporter-output>
  </reporter-output>
  <suite started-at="2023-09-16T16:15:50 CDT" name="Failed suite [Failed suite [Suite]]" finished-at="2023-09-16T16:15:58 CDT" duration-ms="8360">
    <groups>
      <group name="Master">
        <method signature="TC_002_LoginTest.test_Login()[pri:0, instance:testCases.TC_002_LoginTest@4f6ee6e4]" name="test_Login" class="testCases.TC_002_LoginTest"/>
      </group> <!-- Master -->
      <group name="Sanity">
        <method signature="TC_002_LoginTest.test_Login()[pri:0, instance:testCases.TC_002_LoginTest@4f6ee6e4]" name="test_Login" class="testCases.TC_002_LoginTest"/>
      </group> <!-- Sanity -->
    </groups>
    <test started-at="2023-09-16T16:15:50 CDT" name="Test(failed)(failed)" finished-at="2023-09-16T16:15:58 CDT" duration-ms="8360">
      <class name="testCases.TC_002_LoginTest">
        <test-method is-config="true" signature="setup(java.lang.String)[pri:0, instance:testCases.TC_002_LoginTest@4f6ee6e4]" started-at="2023-09-16T16:15:50 CDT" name="setup" finished-at="2023-09-16T16:15:56 CDT" duration-ms="6261" status="PASS">
          <params>
            <param index="0">
              <value>
                <![CDATA[chrome]]>
              </value>
            </param>
          </params>
          <reporter-output>
          </reporter-output>
        </test-method> <!-- setup -->
        <test-method signature="test_Login()[pri:0, instance:testCases.TC_002_LoginTest@4f6ee6e4]" started-at="2023-09-16T16:15:56 CDT" name="test_Login" finished-at="2023-09-16T16:15:58 CDT" duration-ms="1627" status="PASS">
          <reporter-output>
          </reporter-output>
        </test-method> <!-- test_Login -->
        <test-method is-config="true" signature="tearDown()[pri:0, instance:testCases.TC_002_LoginTest@4f6ee6e4]" started-at="2023-09-16T16:15:58 CDT" name="tearDown" finished-at="2023-09-16T16:15:58 CDT" duration-ms="126" status="PASS">
          <reporter-output>
          </reporter-output>
        </test-method> <!-- tearDown -->
      </class> <!-- testCases.TC_002_LoginTest -->
    </test> <!-- Test(failed)(failed) -->
  </suite> <!-- Failed suite [Failed suite [Suite]] -->
</testng-results>
